<?xml version="1.0" encoding="UTF-8"?>
<testng-results ignored="0" total="1" passed="1" failed="0" skipped="0">
  <reporter-output>
  </reporter-output>
  <suite started-at="2023-05-02T12:36:36 IST" name="Default suite" finished-at="2023-05-02T12:36:48 IST" duration-ms="12575">
    <groups>
    </groups>
    <test started-at="2023-05-02T12:36:36 IST" name="Default test" finished-at="2023-05-02T12:36:48 IST" duration-ms="12575">
      <class name="com.cyclos.login">
        <test-method signature="Test()[pri:0, instance:com.cyclos.login@49c7b90e]" started-at="2023-05-02T12:36:36 IST" name="Test" finished-at="2023-05-02T12:36:48 IST" duration-ms="12511" status="PASS">
          <reporter-output>
          </reporter-output>
        </test-method> <!-- Test -->
      </class> <!-- com.cyclos.login -->
    </test> <!-- Default test -->
  </suite> <!-- Default suite -->
</testng-results>
